<?xml version="1.0" encoding="UTF-8"?>
<!-- Generated by org.testng.reporters.JUnitXMLReporter -->
<testsuite hostname="pcubillos" ignored="2" name="Default test" tests="1" failures="0" timestamp="04 dic 2019 07:51:32 GMT" time="2.797" errors="0">
  <testcase name="testSitioRutaSave" time="0.056" classname="ci.workshop.test.testDelegate.TestSitioRutaDelegate"/>
  <testcase name="testFindById" time="0.0" classname="ci.workshop.test.testDelegate.TestSitioRutaDelegate">
    <ignored/>
  </testcase> <!-- testFindById -->
  <testcase name="testSitioRutaFindAll" time="0.0" classname="ci.workshop.test.testDelegate.TestSitioRutaDelegate">
    <ignored/>
  </testcase> <!-- testSitioRutaFindAll -->
</testsuite> <!-- Default test -->
