<?xml version="1.0" encoding="UTF-8"?>
<!-- Generated by org.testng.reporters.JUnitXMLReporter -->
<testsuite hostname="pcubillos" ignored="0" name="Default test" tests="20" failures="0" timestamp="25 sep 2019 03:19:43 GMT" time="3.22" errors="0">
  <testcase name="testFechaDia" time="0.016" classname="ci.workshop.test.testIntegration.TestIntegrationRutaService"/>
  <testcase name="testFechaHora" time="0.005" classname="ci.workshop.test.testIntegration.TestIntegrationRutaService"/>
  <testcase name="testNotNull" time="0.007" classname="ci.workshop.test.testIntegration.TestIntegrationRutaService"/>
  <testcase name="testDate" time="0.007" classname="ci.workshop.test.testIntegration.TestIntegrationConductorService"/>
  <testcase name="testNotNull" time="0.003" classname="ci.workshop.test.testIntegration.TestIntegrationConductorService"/>
  <testcase name="testFechaDia" time="0.004" classname="ci.workshop.test.testUnit.TestRutaService"/>
  <testcase name="testFechaHora" time="0.003" classname="ci.workshop.test.testUnit.TestRutaService"/>
  <testcase name="testNotNull" time="0.008" classname="ci.workshop.test.testUnit.TestRutaService"/>
  <testcase name="testPuntoE" time="0.015" classname="ci.workshop.test.testUnit.TestServicioServicePuntoE"/>
  <testcase name="testPuntoD" time="0.003" classname="ci.workshop.test.testUnit.TestServicioServicePuntoD"/>
  <testcase name="testPuntoACapacidad" time="0.001" classname="ci.workshop.test.testUnit.TestBusService"/>
  <testcase name="testPuntoANotNull" time="0.003" classname="ci.workshop.test.testUnit.TestBusService"/>
  <testcase name="testPuntoATipo" time="0.005" classname="ci.workshop.test.testUnit.TestBusService"/>
  <testcase name="testPuntoD" time="0.002" classname="ci.workshop.test.testIntegration.TestIntegrationServicioServicePuntoD"/>
  <testcase name="testPuntoE" time="0.002" classname="ci.workshop.test.testIntegration.TestIntegrationServicioServicePuntoE"/>
  <testcase name="testDate" time="0.001" classname="ci.workshop.test.testUnit.TestConductorService"/>
  <testcase name="testNotNull" time="0.002" classname="ci.workshop.test.testUnit.TestConductorService"/>
  <testcase name="testPuntoACapacidad" time="0.003" classname="ci.workshop.test.testIntegration.TestIntegrationBusService"/>
  <testcase name="testPuntoANotNull" time="0.002" classname="ci.workshop.test.testIntegration.TestIntegrationBusService"/>
  <testcase name="testPuntoATipo" time="0.001" classname="ci.workshop.test.testIntegration.TestIntegrationBusService"/>
</testsuite> <!-- Default test -->
